[info]2023/06/07 09:56:28 api.go:67: success login； ipList: [0.0.0.0:4025]
[info]2023/06/07 09:56:30 api.go:103: message: 0 超时重传
[info]2023/06/07 09:56:30 api.go:103: message: 0 超时重传
[info]2023/06/07 09:56:31 api.go:103: message: 0 超时重传
[info]2023/06/07 14:39:54 api.go:67: success login； ipList: [0.0.0.0:4025]
[info]2023/06/07 14:39:55 api.go:150: 收到message：0 的ACK
[info]2023/06/07 14:40:01 api.go:150: 收到message：1 的ACK
[info]2023/06/07 14:40:02 api.go:150: 收到message：2 的ACK
[info]2023/06/07 14:40:02 api.go:150: 收到message：3 的ACK
[info]2023/06/07 14:40:03 api.go:150: 收到message：4 的ACK
[info]2023/06/07 14:40:04 api.go:150: 收到message：5 的ACK
[info]2023/06/07 14:40:04 api.go:150: 收到message：6 的ACK
[info]2023/06/07 14:40:05 api.go:150: 收到message：7 的ACK
[info]2023/06/07 14:40:05 api.go:150: 收到message：8 的ACK
[info]2023/06/07 14:40:18 api.go:150: 收到message：9 的ACK
[info]2023/06/07 14:40:19 api.go:150: 收到message：10 的ACK
[info]2023/06/07 14:40:20 api.go:150: 收到message：11 的ACK
[info]2023/06/07 14:40:20 api.go:150: 收到message：12 的ACK
[info]2023/06/07 14:40:20 api.go:150: 收到message：13 的ACK
[info]2023/06/07 14:40:21 api.go:150: 收到message：14 的ACK
[info]2023/06/07 14:40:21 api.go:150: 收到message：15 的ACK
[info]2023/06/07 14:40:22 api.go:150: 收到message：16 的ACK
[info]2023/06/07 14:40:22 api.go:150: 收到message：17 的ACK
[info]2023/06/07 14:40:24 api.go:150: 收到message：18 的ACK
[info]2023/06/07 14:40:26 api.go:150: 收到message：19 的ACK
[info]2023/06/07 14:40:29 api.go:150: 收到message：20 的ACK
[info]2023/06/07 14:40:31 api.go:150: 收到message：21 的ACK
[info]2023/06/07 14:40:31 api.go:150: 收到message：22 的ACK
[info]2023/06/07 14:40:32 api.go:150: 收到message：23 的ACK
[info]2023/06/07 14:40:34 api.go:150: 收到message：24 的ACK
[info]2023/06/07 14:40:35 api.go:150: 收到message：25 的ACK
[info]2023/06/07 15:34:46 api.go:67: success login； ipList: [0.0.0.0:4025]
[info]2023/06/07 15:34:47 net.go:102: Network disconnection
[info]2023/06/07 15:39:08 api.go:67: success login； ipList: [0.0.0.0:4025]
[info]2023/06/07 15:39:09 api.go:150: 收到message：0 的ACK
[info]2023/06/07 15:39:10 api.go:150: 收到message：1 的ACK
[info]2023/06/07 15:39:11 api.go:150: 收到message：2 的ACK
[info]2023/06/07 15:39:11 api.go:150: 收到message：3 的ACK
[info]2023/06/14 19:12:00 api.go:67: success login； ipList: [0.0.0.0:4025]
[info]2023/06/14 19:12:01 api.go:150: 收到message：0 的ACK
[info]2023/06/14 19:12:02 api.go:150: 收到message：1 的ACK
[info]2023/06/14 19:12:03 api.go:150: 收到message：2 的ACK
[info]2023/06/14 23:12:27 api.go:67: success login； ipList: [0.0.0.0:4025]
[info]2023/06/14 23:12:29 api.go:103: message.pb: 0 超时重传
[info]2023/06/14 23:12:30 api.go:103: message.pb: 0 超时重传
[info]2023/06/14 23:12:30 api.go:103: message.pb: 0 超时重传
[info]2023/06/14 23:12:31 net.go:102: Network disconnection
[info]2023/06/14 23:21:01 api.go:67: success login； ipList: [0.0.0.0:4025]
[info]2023/06/14 23:21:02 api.go:150: 收到message：0 的ACK
[info]2023/06/14 23:21:03 api.go:150: 收到message：1 的ACK
[info]2023/06/14 23:21:59 api.go:150: 收到message：2 的ACK
[info]2023/06/14 23:22:00 api.go:150: 收到message：3 的ACK
[info]2023/06/14 23:22:01 api.go:150: 收到message：4 的ACK
[info]2023/06/14 23:22:01 api.go:150: 收到message：5 的ACK
[info]2023/06/14 23:22:02 api.go:150: 收到message：6 的ACK
[info]2023/06/14 23:22:03 api.go:150: 收到message：7 的ACK
[info]2023/06/14 23:22:03 api.go:150: 收到message：8 的ACK
[info]2023/06/14 23:22:03 api.go:150: 收到message：9 的ACK
[info]2023/06/14 23:22:03 api.go:150: 收到message：10 的ACK
[info]2023/06/14 23:22:04 api.go:150: 收到message：11 的ACK
[info]2023/06/25 22:45:47 api.go:67: success login； ipList: [0.0.0.0:4025]
[info]2023/06/25 22:45:48 api.go:150: 收到message：0 的ACK
[info]2023/06/25 22:45:49 api.go:150: 收到message：1 的ACK
[info]2023/06/25 22:45:49 api.go:150: 收到message：2 的ACK
[info]2023/06/25 23:02:59 api.go:67: success login； ipList: [0.0.0.0:4025]
[info]2023/06/25 23:12:41 api.go:67: success login； ipList: [0.0.0.0:4025]
[info]2023/06/25 23:13:43 api.go:67: success login； ipList: [0.0.0.0:4025]
[info]2023/06/25 23:15:12 api.go:67: success login； ipList: [0.0.0.0:4025]
[info]2023/06/25 23:15:13 api.go:103: message.pb: 0 超时重传
[info]2023/06/25 23:15:14 api.go:103: message.pb: 1 超时重传
[info]2023/06/25 23:15:14 api.go:103: message.pb: 0 超时重传
[info]2023/06/25 23:15:14 api.go:103: message.pb: 1 超时重传
[info]2023/06/25 23:15:14 api.go:103: message.pb: 0 超时重传
[info]2023/06/25 23:15:15 api.go:103: message.pb: 1 超时重传
[info]2023/06/25 23:15:15 api.go:103: message.pb: 0 超时重传
[info]2023/06/25 23:17:18 api.go:67: success login； ipList: [0.0.0.0:4025]
[info]2023/06/25 23:18:48 api.go:67: success login； ipList: [0.0.0.0:4025]
[info]2023/06/26 20:18:52 api.go:68: success login； ipList: [0.0.0.0:4025]
[info]2023/06/26 20:18:53 api.go:152: 收到message：%!d(string=0) 的ACK
[info]2023/06/26 20:18:55 api.go:152: 收到message：%!d(string=1) 的ACK
[info]2023/06/26 20:19:51 net.go:103: Network disconnection
[info]2023/06/26 20:20:18 api.go:68: success login； ipList: [0.0.0.0:4025]
[info]2023/06/26 20:20:19 api.go:152: 收到message：%!d(string=0) 的ACK
[info]2023/06/26 20:21:07 net.go:103: Network disconnection
[info]2023/06/26 20:55:32 api.go:68: success login； ipList: [0.0.0.0:4025]
[info]2023/06/26 20:55:34 api.go:152: 收到message：%!d(string=0) 的ACK
[info]2023/06/26 21:04:55 api.go:68: success login； ipList: [0.0.0.0:4025]
[info]2023/06/26 21:04:57 api.go:152: 收到message：%!d(string=0) 的ACK
[info]2023/06/26 21:13:36 api.go:152: 收到message：%!d(string=1) 的ACK
[info]2023/06/26 21:14:49 api.go:152: 收到message：%!d(string=2) 的ACK
[info]2023/06/26 21:15:31 api.go:152: 收到message：%!d(string=3) 的ACK
[info]2023/06/26 21:17:01 api.go:152: 收到message：%!d(string=4) 的ACK
[info]2023/06/26 21:17:38 api.go:152: 收到message：%!d(string=5) 的ACK
[info]2023/06/26 21:21:38 api.go:68: success login； ipList: [0.0.0.0:4025]
[info]2023/06/26 21:21:40 api.go:152: 收到message：%!d(string=0) 的ACK
[info]2023/06/26 21:23:13 api.go:152: 收到message：%!d(string=1) 的ACK
[info]2023/06/26 21:23:14 api.go:152: 收到message：%!d(string=2) 的ACK
[info]2023/06/26 21:23:14 api.go:152: 收到message：%!d(string=3) 的ACK
[info]2023/06/26 21:23:15 api.go:152: 收到message：%!d(string=4) 的ACK
[info]2023/06/26 21:23:15 api.go:152: 收到message：%!d(string=5) 的ACK
[info]2023/06/26 21:23:15 api.go:152: 收到message：%!d(string=6) 的ACK
[info]2023/06/26 21:23:15 api.go:152: 收到message：%!d(string=7) 的ACK
[info]2023/06/26 21:23:15 api.go:152: 收到message：%!d(string=8) 的ACK
[info]2023/06/26 21:23:15 api.go:152: 收到message：%!d(string=9) 的ACK
[info]2023/06/26 21:23:16 api.go:152: 收到message：%!d(string=10) 的ACK
[info]2023/06/26 21:23:16 api.go:152: 收到message：%!d(string=11) 的ACK
[info]2023/06/26 21:23:16 api.go:152: 收到message：%!d(string=12) 的ACK
[info]2023/06/26 21:23:16 api.go:152: 收到message：%!d(string=13) 的ACK
[info]2023/06/26 21:23:16 api.go:152: 收到message：%!d(string=14) 的ACK
[info]2023/06/26 21:23:16 api.go:152: 收到message：%!d(string=15) 的ACK
[info]2023/06/26 21:23:16 api.go:152: 收到message：%!d(string=16) 的ACK
[info]2023/06/26 21:23:16 api.go:152: 收到message：%!d(string=17) 的ACK
[info]2023/06/26 21:23:16 api.go:152: 收到message：%!d(string=18) 的ACK
[info]2023/06/26 21:23:18 api.go:152: 收到message：%!d(string=19) 的ACK
